[ 2026-05-10 19:59:58,688 ] 160 numexpr.utils - INFO - NumExpr defaulting to 8 threads.
[ 2026-05-10 20:00:02,517 ] 20 root - INFO - Initiate the data ingestion
[ 2026-05-10 20:00:03,570 ] 52 root - INFO - MongoDB collection is empty. Falling back to local CSV file.
[ 2026-05-10 20:00:03,591 ] 61 root - INFO - Successfully loaded 11055 rows from local file: Network_Data\phisingData.csv
[ 2026-05-10 20:00:03,648 ] 83 root - INFO - Performed train test split on the dataframe
[ 2026-05-10 20:00:03,648 ] 85 root - INFO - Exited split_data_as_train_test method of Data_Ingestion class
[ 2026-05-10 20:00:03,648 ] 93 root - INFO - Exporting train and test file path.
[ 2026-05-10 20:00:03,698 ] 102 root - INFO - Exported train and test file path.
[ 2026-05-10 20:00:03,699 ] 22 root - INFO - Data Initiation Completed
[ 2026-05-10 20:00:03,703 ] 26 root - INFO - Initiate the data Validation
[ 2026-05-10 20:00:03,721 ] 32 root - INFO - Required number of columns:2
[ 2026-05-10 20:00:03,721 ] 33 root - INFO - Data frame has columns:31
[ 2026-05-10 20:00:03,721 ] 32 root - INFO - Required number of columns:2
[ 2026-05-10 20:00:03,721 ] 33 root - INFO - Data frame has columns:31
[ 2026-05-10 20:00:03,875 ] 28 root - INFO - data Validation Completed
[ 2026-05-10 20:00:03,875 ] 31 root - INFO - data Transformation started
[ 2026-05-10 20:00:03,875 ] 63 root - INFO - Entered initiate_data_transformation method of DataTransformation class
[ 2026-05-10 20:00:03,875 ] 65 root - INFO - Starting data transformation
[ 2026-05-10 20:00:03,901 ] 48 root - INFO - Entered get_data_trnasformer_object method of Trnasformation class
[ 2026-05-10 20:00:03,902 ] 53 root - INFO - Initialise KNNImputer with {'missing_values': nan, 'n_neighbors': 3, 'weights': 'uniform'}
[ 2026-05-10 20:00:03,911 ] 46 root - INFO - Entered the save_object method of MainUtils class
[ 2026-05-10 20:00:03,914 ] 50 root - INFO - Exited the save_object method of MainUtils class
[ 2026-05-10 20:00:03,914 ] 46 root - INFO - Entered the save_object method of MainUtils class
[ 2026-05-10 20:00:03,916 ] 50 root - INFO - Exited the save_object method of MainUtils class
[ 2026-05-10 20:00:03,917 ] 35 root - INFO - data Transformation completed
[ 2026-05-10 20:00:03,917 ] 37 root - INFO - Model Training sstared
[ 2026-05-10 20:04:29,492 ] 78 root - INFO - MLflow tracking failed (skipping): 403: You have reached the limit of 100 experiments for a private repository in the free plan.
Please upgrade to the Team plan to increase the limit at https://dagshub.com/pricing?repo_id=52439
[ 2026-05-10 20:04:29,786 ] 78 root - INFO - MLflow tracking failed (skipping): 403: You have reached the limit of 100 experiments for a private repository in the free plan.
Please upgrade to the Team plan to increase the limit at https://dagshub.com/pricing?repo_id=52439
[ 2026-05-10 20:04:29,792 ] 46 root - INFO - Entered the save_object method of MainUtils class
[ 2026-05-10 20:04:29,793 ] 50 root - INFO - Exited the save_object method of MainUtils class
[ 2026-05-10 20:04:29,793 ] 46 root - INFO - Entered the save_object method of MainUtils class
[ 2026-05-10 20:04:29,811 ] 50 root - INFO - Exited the save_object method of MainUtils class
[ 2026-05-10 20:04:29,811 ] 158 root - INFO - Model trainer artifact: ModelTrainerArtifact(trained_model_file_path='Artifacts\\05_10_2026_19_59_58\\model_trainer\\trained_model\\model.pkl', train_metric_artifact=ClassificationMetricArtifact(f1_score=0.9913941480206541, precision_score=0.9910931174089069, recall_score=0.9916953615556006), test_metric_artifact=ClassificationMetricArtifact(f1_score=0.9747351263243684, precision_score=0.9692058346839546, recall_score=0.980327868852459))
[ 2026-05-10 20:04:29,814 ] 42 root - INFO - Model Training artifact created
